<?xml version="1.0" encoding="UTF-8"?>
<testsuite name="nl.vorstenbosch.required.util.DiffUtilsTest" tests="2" skipped="0" failures="0" errors="0" timestamp="2023-10-15T17:45:30" hostname="DESKTOP-3SRH65H" time="0.076">
  <properties/>
  <testcase name="safeMarkDownTagsAppendEndOfLine()" classname="nl.vorstenbosch.required.util.DiffUtilsTest" time="0.074"/>
  <testcase name="safeMarkDownTagsAddDotAtEndOfLine()" classname="nl.vorstenbosch.required.util.DiffUtilsTest" time="0.001"/>
  <system-out><![CDATA[19:45:30.292 [Test worker] INFO nl.vorstenbosch.required.util.DiffUtils - diff created: [[CHANGE,This is a line of text.,This is a line of **text. Now it contains two sentences**]]
19:45:30.305 [Test worker] INFO nl.vorstenbosch.required.util.DiffUtils - diff created: [[CHANGE,This is a line of text,This is a line of **text.**]]
]]></system-out>
  <system-err><![CDATA[]]></system-err>
</testsuite>
